<?xml version="1.0" encoding="UTF-8"?>
<testsuite xmlns:xsi="http://www.w3.org/2001/XMLSchema-instance" xsi:noNamespaceSchemaLocation="https://maven.apache.org/surefire/maven-surefire-plugin/xsd/surefire-test-report.xsd" name="application.DemoTest" time="7.066" tests="3" errors="1" skipped="0" failures="0">
  <properties>
    <property name="java.specification.version" value="14"/>
    <property name="sun.cpu.isalist" value="amd64"/>
    <property name="sun.jnu.encoding" value="GBK"/>
    <property name="java.class.path" value="F:\code\java\信息安全实验\project\web\target\test-classes;F:\code\java\信息安全实验\project\web\target\classes;E:\dev_envir\apache-maven-3.6.3\repo\org\projectlombok\lombok\1.18.12\lombok-1.18.12.jar;F:\code\java\信息安全实验\project\model\target\classes;E:\dev_envir\apache-maven-3.6.3\repo\org\apache\commons\commons-lang3\3.9\commons-lang3-3.9.jar;E:\dev_envir\apache-maven-3.6.3\repo\org\mybatis\mybatis\3.5.4\mybatis-3.5.4.jar;E:\dev_envir\apache-maven-3.6.3\repo\org\mybatis\generator\mybatis-generator-core\1.4.0\mybatis-generator-core-1.4.0.jar;E:\dev_envir\apache-maven-3.6.3\repo\javax\annotation\javax.annotation-api\1.3.2\javax.annotation-api-1.3.2.jar;E:\dev_envir\apache-maven-3.6.3\repo\org\jsoup\jsoup\1.13.1\jsoup-1.13.1.jar;E:\dev_envir\apache-maven-3.6.3\repo\dom4j\dom4j\1.6.1\dom4j-1.6.1.jar;E:\dev_envir\apache-maven-3.6.3\repo\xml-apis\xml-apis\1.0.b2\xml-apis-1.0.b2.jar;E:\dev_envir\apache-maven-3.6.3\repo\jaxen\jaxen\1.2.0\jaxen-1.2.0.jar;E:\dev_envir\apache-maven-3.6.3\repo\org\springframework\boot\spring-boot-starter-web\2.2.6.RELEASE\spring-boot-starter-web-2.2.6.RELEASE.jar;E:\dev_envir\apache-maven-3.6.3\repo\org\springframework\boot\spring-boot-starter\2.2.6.RELEASE\spring-boot-starter-2.2.6.RELEASE.jar;E:\dev_envir\apache-maven-3.6.3\repo\org\springframework\boot\spring-boot\2.2.6.RELEASE\spring-boot-2.2.6.RELEASE.jar;E:\dev_envir\apache-maven-3.6.3\repo\org\springframework\boot\spring-boot-autoconfigure\2.2.6.RELEASE\spring-boot-autoconfigure-2.2.6.RELEASE.jar;E:\dev_envir\apache-maven-3.6.3\repo\org\springframework\boot\spring-boot-starter-logging\2.2.6.RELEASE\spring-boot-starter-logging-2.2.6.RELEASE.jar;E:\dev_envir\apache-maven-3.6.3\repo\ch\qos\logback\logback-classic\1.2.3\logback-classic-1.2.3.jar;E:\dev_envir\apache-maven-3.6.3\repo\ch\qos\logback\logback-core\1.2.3\logback-core-1.2.3.jar;E:\dev_envir\apache-maven-3.6.3\repo\org\apache\logging\log4j\log4j-to-slf4j\2.12.1\log4j-to-slf4j-2.12.1.jar;E:\dev_envir\apache-maven-3.6.3\repo\org\apache\logging\log4j\log4j-api\2.12.1\log4j-api-2.12.1.jar;E:\dev_envir\apache-maven-3.6.3\repo\org\slf4j\jul-to-slf4j\1.7.30\jul-to-slf4j-1.7.30.jar;E:\dev_envir\apache-maven-3.6.3\repo\jakarta\annotation\jakarta.annotation-api\1.3.5\jakarta.annotation-api-1.3.5.jar;E:\dev_envir\apache-maven-3.6.3\repo\org\yaml\snakeyaml\1.25\snakeyaml-1.25.jar;E:\dev_envir\apache-maven-3.6.3\repo\org\springframework\boot\spring-boot-starter-json\2.2.6.RELEASE\spring-boot-starter-json-2.2.6.RELEASE.jar;E:\dev_envir\apache-maven-3.6.3\repo\com\fasterxml\jackson\core\jackson-databind\2.10.3\jackson-databind-2.10.3.jar;E:\dev_envir\apache-maven-3.6.3\repo\com\fasterxml\jackson\core\jackson-annotations\2.10.3\jackson-annotations-2.10.3.jar;E:\dev_envir\apache-maven-3.6.3\repo\com\fasterxml\jackson\core\jackson-core\2.10.3\jackson-core-2.10.3.jar;E:\dev_envir\apache-maven-3.6.3\repo\com\fasterxml\jackson\datatype\jackson-datatype-jdk8\2.10.3\jackson-datatype-jdk8-2.10.3.jar;E:\dev_envir\apache-maven-3.6.3\repo\com\fasterxml\jackson\datatype\jackson-datatype-jsr310\2.10.3\jackson-datatype-jsr310-2.10.3.jar;E:\dev_envir\apache-maven-3.6.3\repo\com\fasterxml\jackson\module\jackson-module-parameter-names\2.10.3\jackson-module-parameter-names-2.10.3.jar;E:\dev_envir\apache-maven-3.6.3\repo\org\springframework\boot\spring-boot-starter-tomcat\2.2.6.RELEASE\spring-boot-starter-tomcat-2.2.6.RELEASE.jar;E:\dev_envir\apache-maven-3.6.3\repo\org\apache\tomcat\embed\tomcat-embed-core\9.0.33\tomcat-embed-core-9.0.33.jar;E:\dev_envir\apache-maven-3.6.3\repo\org\apache\tomcat\embed\tomcat-embed-el\9.0.33\tomcat-embed-el-9.0.33.jar;E:\dev_envir\apache-maven-3.6.3\repo\org\apache\tomcat\embed\tomcat-embed-websocket\9.0.33\tomcat-embed-websocket-9.0.33.jar;E:\dev_envir\apache-maven-3.6.3\repo\org\springframework\boot\spring-boot-starter-validation\2.2.6.RELEASE\spring-boot-starter-validation-2.2.6.RELEASE.jar;E:\dev_envir\apache-maven-3.6.3\repo\jakarta\validation\jakarta.validation-api\2.0.2\jakarta.validation-api-2.0.2.jar;E:\dev_envir\apache-maven-3.6.3\repo\org\hibernate\validator\hibernate-validator\6.0.18.Final\hibernate-validator-6.0.18.Final.jar;E:\dev_envir\apache-maven-3.6.3\repo\org\springframework\spring-web\5.2.5.RELEASE\spring-web-5.2.5.RELEASE.jar;E:\dev_envir\apache-maven-3.6.3\repo\org\springframework\spring-beans\5.2.5.RELEASE\spring-beans-5.2.5.RELEASE.jar;E:\dev_envir\apache-maven-3.6.3\repo\org\springframework\spring-webmvc\5.2.5.RELEASE\spring-webmvc-5.2.5.RELEASE.jar;E:\dev_envir\apache-maven-3.6.3\repo\org\springframework\spring-aop\5.2.5.RELEASE\spring-aop-5.2.5.RELEASE.jar;E:\dev_envir\apache-maven-3.6.3\repo\org\springframework\spring-context\5.2.5.RELEASE\spring-context-5.2.5.RELEASE.jar;E:\dev_envir\apache-maven-3.6.3\repo\org\springframework\spring-expression\5.2.5.RELEASE\spring-expression-5.2.5.RELEASE.jar;E:\dev_envir\apache-maven-3.6.3\repo\org\springframework\boot\spring-boot-starter-data-jpa\2.2.6.RELEASE\spring-boot-starter-data-jpa-2.2.6.RELEASE.jar;E:\dev_envir\apache-maven-3.6.3\repo\org\springframework\boot\spring-boot-starter-aop\2.2.6.RELEASE\spring-boot-starter-aop-2.2.6.RELEASE.jar;E:\dev_envir\apache-maven-3.6.3\repo\org\aspectj\aspectjweaver\1.9.5\aspectjweaver-1.9.5.jar;E:\dev_envir\apache-maven-3.6.3\repo\org\springframework\boot\spring-boot-starter-jdbc\2.2.6.RELEASE\spring-boot-starter-jdbc-2.2.6.RELEASE.jar;E:\dev_envir\apache-maven-3.6.3\repo\com\zaxxer\HikariCP\3.4.2\HikariCP-3.4.2.jar;E:\dev_envir\apache-maven-3.6.3\repo\org\springframework\spring-jdbc\5.2.5.RELEASE\spring-jdbc-5.2.5.RELEASE.jar;E:\dev_envir\apache-maven-3.6.3\repo\jakarta\activation\jakarta.activation-api\1.2.2\jakarta.activation-api-1.2.2.jar;E:\dev_envir\apache-maven-3.6.3\repo\jakarta\persistence\jakarta.persistence-api\2.2.3\jakarta.persistence-api-2.2.3.jar;E:\dev_envir\apache-maven-3.6.3\repo\jakarta\transaction\jakarta.transaction-api\1.3.3\jakarta.transaction-api-1.3.3.jar;E:\dev_envir\apache-maven-3.6.3\repo\org\hibernate\hibernate-core\5.4.12.Final\hibernate-core-5.4.12.Final.jar;E:\dev_envir\apache-maven-3.6.3\repo\org\jboss\logging\jboss-logging\3.4.1.Final\jboss-logging-3.4.1.Final.jar;E:\dev_envir\apache-maven-3.6.3\repo\org\javassist\javassist\3.24.0-GA\javassist-3.24.0-GA.jar;E:\dev_envir\apache-maven-3.6.3\repo\net\bytebuddy\byte-buddy\1.10.8\byte-buddy-1.10.8.jar;E:\dev_envir\apache-maven-3.6.3\repo\antlr\antlr\2.7.7\antlr-2.7.7.jar;E:\dev_envir\apache-maven-3.6.3\repo\org\jboss\jandex\2.1.1.Final\jandex-2.1.1.Final.jar;E:\dev_envir\apache-maven-3.6.3\repo\com\fasterxml\classmate\1.5.1\classmate-1.5.1.jar;E:\dev_envir\apache-maven-3.6.3\repo\org\dom4j\dom4j\2.1.1\dom4j-2.1.1.jar;E:\dev_envir\apache-maven-3.6.3\repo\org\hibernate\common\hibernate-commons-annotations\5.1.0.Final\hibernate-commons-annotations-5.1.0.Final.jar;E:\dev_envir\apache-maven-3.6.3\repo\org\glassfish\jaxb\jaxb-runtime\2.3.2\jaxb-runtime-2.3.2.jar;E:\dev_envir\apache-maven-3.6.3\repo\org\glassfish\jaxb\txw2\2.3.2\txw2-2.3.2.jar;E:\dev_envir\apache-maven-3.6.3\repo\com\sun\istack\istack-commons-runtime\3.0.8\istack-commons-runtime-3.0.8.jar;E:\dev_envir\apache-maven-3.6.3\repo\org\jvnet\staxex\stax-ex\1.8.1\stax-ex-1.8.1.jar;E:\dev_envir\apache-maven-3.6.3\repo\com\sun\xml\fastinfoset\FastInfoset\1.2.16\FastInfoset-1.2.16.jar;E:\dev_envir\apache-maven-3.6.3\repo\org\springframework\data\spring-data-jpa\2.2.6.RELEASE\spring-data-jpa-2.2.6.RELEASE.jar;E:\dev_envir\apache-maven-3.6.3\repo\org\springframework\data\spring-data-commons\2.2.6.RELEASE\spring-data-commons-2.2.6.RELEASE.jar;E:\dev_envir\apache-maven-3.6.3\repo\org\springframework\spring-orm\5.2.5.RELEASE\spring-orm-5.2.5.RELEASE.jar;E:\dev_envir\apache-maven-3.6.3\repo\org\springframework\spring-tx\5.2.5.RELEASE\spring-tx-5.2.5.RELEASE.jar;E:\dev_envir\apache-maven-3.6.3\repo\org\slf4j\slf4j-api\1.7.30\slf4j-api-1.7.30.jar;E:\dev_envir\apache-maven-3.6.3\repo\org\springframework\spring-aspects\5.2.5.RELEASE\spring-aspects-5.2.5.RELEASE.jar;E:\dev_envir\apache-maven-3.6.3\repo\mysql\mysql-connector-java\8.0.19\mysql-connector-java-8.0.19.jar;E:\dev_envir\apache-maven-3.6.3\repo\com\h2database\h2\1.4.200\h2-1.4.200.jar;E:\dev_envir\apache-maven-3.6.3\repo\org\springframework\boot\spring-boot-starter-test\2.2.6.RELEASE\spring-boot-starter-test-2.2.6.RELEASE.jar;E:\dev_envir\apache-maven-3.6.3\repo\org\springframework\boot\spring-boot-test\2.2.6.RELEASE\spring-boot-test-2.2.6.RELEASE.jar;E:\dev_envir\apache-maven-3.6.3\repo\org\springframework\boot\spring-boot-test-autoconfigure\2.2.6.RELEASE\spring-boot-test-autoconfigure-2.2.6.RELEASE.jar;E:\dev_envir\apache-maven-3.6.3\repo\com\jayway\jsonpath\json-path\2.4.0\json-path-2.4.0.jar;E:\dev_envir\apache-maven-3.6.3\repo\net\minidev\json-smart\2.3\json-smart-2.3.jar;E:\dev_envir\apache-maven-3.6.3\repo\net\minidev\accessors-smart\1.2\accessors-smart-1.2.jar;E:\dev_envir\apache-maven-3.6.3\repo\org\ow2\asm\asm\5.0.4\asm-5.0.4.jar;E:\dev_envir\apache-maven-3.6.3\repo\jakarta\xml\bind\jakarta.xml.bind-api\2.3.3\jakarta.xml.bind-api-2.3.3.jar;E:\dev_envir\apache-maven-3.6.3\repo\org\junit\jupiter\junit-jupiter\5.5.2\junit-jupiter-5.5.2.jar;E:\dev_envir\apache-maven-3.6.3\repo\org\junit\jupiter\junit-jupiter-params\5.5.2\junit-jupiter-params-5.5.2.jar;E:\dev_envir\apache-maven-3.6.3\repo\org\junit\vintage\junit-vintage-engine\5.5.2\junit-vintage-engine-5.5.2.jar;E:\dev_envir\apache-maven-3.6.3\repo\org\mockito\mockito-junit-jupiter\3.1.0\mockito-junit-jupiter-3.1.0.jar;E:\dev_envir\apache-maven-3.6.3\repo\org\assertj\assertj-core\3.13.2\assertj-core-3.13.2.jar;E:\dev_envir\apache-maven-3.6.3\repo\org\hamcrest\hamcrest\2.1\hamcrest-2.1.jar;E:\dev_envir\apache-maven-3.6.3\repo\org\mockito\mockito-core\3.1.0\mockito-core-3.1.0.jar;E:\dev_envir\apache-maven-3.6.3\repo\net\bytebuddy\byte-buddy-agent\1.10.8\byte-buddy-agent-1.10.8.jar;E:\dev_envir\apache-maven-3.6.3\repo\org\objenesis\objenesis\2.6\objenesis-2.6.jar;E:\dev_envir\apache-maven-3.6.3\repo\org\skyscreamer\jsonassert\1.5.0\jsonassert-1.5.0.jar;E:\dev_envir\apache-maven-3.6.3\repo\com\vaadin\external\google\android-json\0.0.20131108.vaadin1\android-json-0.0.20131108.vaadin1.jar;E:\dev_envir\apache-maven-3.6.3\repo\org\springframework\spring-core\5.2.5.RELEASE\spring-core-5.2.5.RELEASE.jar;E:\dev_envir\apache-maven-3.6.3\repo\org\springframework\spring-jcl\5.2.5.RELEASE\spring-jcl-5.2.5.RELEASE.jar;E:\dev_envir\apache-maven-3.6.3\repo\org\springframework\spring-test\5.2.5.RELEASE\spring-test-5.2.5.RELEASE.jar;E:\dev_envir\apache-maven-3.6.3\repo\org\xmlunit\xmlunit-core\2.6.4\xmlunit-core-2.6.4.jar;E:\dev_envir\apache-maven-3.6.3\repo\com\alibaba\fastjson\1.2.68\fastjson-1.2.68.jar;E:\dev_envir\apache-maven-3.6.3\repo\org\junit\jupiter\junit-jupiter-api\5.5.2\junit-jupiter-api-5.5.2.jar;E:\dev_envir\apache-maven-3.6.3\repo\org\apiguardian\apiguardian-api\1.1.0\apiguardian-api-1.1.0.jar;E:\dev_envir\apache-maven-3.6.3\repo\org\opentest4j\opentest4j\1.2.0\opentest4j-1.2.0.jar;E:\dev_envir\apache-maven-3.6.3\repo\org\junit\platform\junit-platform-commons\1.5.2\junit-platform-commons-1.5.2.jar;E:\dev_envir\apache-maven-3.6.3\repo\org\junit\jupiter\junit-jupiter-engine\5.5.2\junit-jupiter-engine-5.5.2.jar;E:\dev_envir\apache-maven-3.6.3\repo\org\junit\platform\junit-platform-engine\1.5.2\junit-platform-engine-1.5.2.jar;"/>
    <property name="java.vm.vendor" value="Oracle Corporation"/>
    <property name="sun.arch.data.model" value="64"/>
    <property name="user.variant" value=""/>
    <property name="java.vendor.url" value="https://java.oracle.com/"/>
    <property name="user.timezone" value="Asia/Shanghai"/>
    <property name="os.name" value="Windows 10"/>
    <property name="java.vm.specification.version" value="14"/>
    <property name="sun.java.launcher" value="SUN_STANDARD"/>
    <property name="user.country" value="CN"/>
    <property name="sun.boot.library.path" value="E:\Program Files\Java\jdk-14\bin"/>
    <property name="sun.java.command" value="C:\Users\xiaozhi\AppData\Local\Temp\surefire2994188398945254725\surefirebooter1149397006483254582.jar C:\Users\xiaozhi\AppData\Local\Temp\surefire2994188398945254725 2020-06-04T11-23-17_929-jvmRun1 surefire3845665232376159231tmp surefire_05832659004238495938tmp"/>
    <property name="jdk.debug" value="release"/>
    <property name="surefire.test.class.path" value="F:\code\java\信息安全实验\project\web\target\test-classes;F:\code\java\信息安全实验\project\web\target\classes;E:\dev_envir\apache-maven-3.6.3\repo\org\projectlombok\lombok\1.18.12\lombok-1.18.12.jar;F:\code\java\信息安全实验\project\model\target\classes;E:\dev_envir\apache-maven-3.6.3\repo\org\apache\commons\commons-lang3\3.9\commons-lang3-3.9.jar;E:\dev_envir\apache-maven-3.6.3\repo\org\mybatis\mybatis\3.5.4\mybatis-3.5.4.jar;E:\dev_envir\apache-maven-3.6.3\repo\org\mybatis\generator\mybatis-generator-core\1.4.0\mybatis-generator-core-1.4.0.jar;E:\dev_envir\apache-maven-3.6.3\repo\javax\annotation\javax.annotation-api\1.3.2\javax.annotation-api-1.3.2.jar;E:\dev_envir\apache-maven-3.6.3\repo\org\jsoup\jsoup\1.13.1\jsoup-1.13.1.jar;E:\dev_envir\apache-maven-3.6.3\repo\dom4j\dom4j\1.6.1\dom4j-1.6.1.jar;E:\dev_envir\apache-maven-3.6.3\repo\xml-apis\xml-apis\1.0.b2\xml-apis-1.0.b2.jar;E:\dev_envir\apache-maven-3.6.3\repo\jaxen\jaxen\1.2.0\jaxen-1.2.0.jar;E:\dev_envir\apache-maven-3.6.3\repo\org\springframework\boot\spring-boot-starter-web\2.2.6.RELEASE\spring-boot-starter-web-2.2.6.RELEASE.jar;E:\dev_envir\apache-maven-3.6.3\repo\org\springframework\boot\spring-boot-starter\2.2.6.RELEASE\spring-boot-starter-2.2.6.RELEASE.jar;E:\dev_envir\apache-maven-3.6.3\repo\org\springframework\boot\spring-boot\2.2.6.RELEASE\spring-boot-2.2.6.RELEASE.jar;E:\dev_envir\apache-maven-3.6.3\repo\org\springframework\boot\spring-boot-autoconfigure\2.2.6.RELEASE\spring-boot-autoconfigure-2.2.6.RELEASE.jar;E:\dev_envir\apache-maven-3.6.3\repo\org\springframework\boot\spring-boot-starter-logging\2.2.6.RELEASE\spring-boot-starter-logging-2.2.6.RELEASE.jar;E:\dev_envir\apache-maven-3.6.3\repo\ch\qos\logback\logback-classic\1.2.3\logback-classic-1.2.3.jar;E:\dev_envir\apache-maven-3.6.3\repo\ch\qos\logback\logback-core\1.2.3\logback-core-1.2.3.jar;E:\dev_envir\apache-maven-3.6.3\repo\org\apache\logging\log4j\log4j-to-slf4j\2.12.1\log4j-to-slf4j-2.12.1.jar;E:\dev_envir\apache-maven-3.6.3\repo\org\apache\logging\log4j\log4j-api\2.12.1\log4j-api-2.12.1.jar;E:\dev_envir\apache-maven-3.6.3\repo\org\slf4j\jul-to-slf4j\1.7.30\jul-to-slf4j-1.7.30.jar;E:\dev_envir\apache-maven-3.6.3\repo\jakarta\annotation\jakarta.annotation-api\1.3.5\jakarta.annotation-api-1.3.5.jar;E:\dev_envir\apache-maven-3.6.3\repo\org\yaml\snakeyaml\1.25\snakeyaml-1.25.jar;E:\dev_envir\apache-maven-3.6.3\repo\org\springframework\boot\spring-boot-starter-json\2.2.6.RELEASE\spring-boot-starter-json-2.2.6.RELEASE.jar;E:\dev_envir\apache-maven-3.6.3\repo\com\fasterxml\jackson\core\jackson-databind\2.10.3\jackson-databind-2.10.3.jar;E:\dev_envir\apache-maven-3.6.3\repo\com\fasterxml\jackson\core\jackson-annotations\2.10.3\jackson-annotations-2.10.3.jar;E:\dev_envir\apache-maven-3.6.3\repo\com\fasterxml\jackson\core\jackson-core\2.10.3\jackson-core-2.10.3.jar;E:\dev_envir\apache-maven-3.6.3\repo\com\fasterxml\jackson\datatype\jackson-datatype-jdk8\2.10.3\jackson-datatype-jdk8-2.10.3.jar;E:\dev_envir\apache-maven-3.6.3\repo\com\fasterxml\jackson\datatype\jackson-datatype-jsr310\2.10.3\jackson-datatype-jsr310-2.10.3.jar;E:\dev_envir\apache-maven-3.6.3\repo\com\fasterxml\jackson\module\jackson-module-parameter-names\2.10.3\jackson-module-parameter-names-2.10.3.jar;E:\dev_envir\apache-maven-3.6.3\repo\org\springframework\boot\spring-boot-starter-tomcat\2.2.6.RELEASE\spring-boot-starter-tomcat-2.2.6.RELEASE.jar;E:\dev_envir\apache-maven-3.6.3\repo\org\apache\tomcat\embed\tomcat-embed-core\9.0.33\tomcat-embed-core-9.0.33.jar;E:\dev_envir\apache-maven-3.6.3\repo\org\apache\tomcat\embed\tomcat-embed-el\9.0.33\tomcat-embed-el-9.0.33.jar;E:\dev_envir\apache-maven-3.6.3\repo\org\apache\tomcat\embed\tomcat-embed-websocket\9.0.33\tomcat-embed-websocket-9.0.33.jar;E:\dev_envir\apache-maven-3.6.3\repo\org\springframework\boot\spring-boot-starter-validation\2.2.6.RELEASE\spring-boot-starter-validation-2.2.6.RELEASE.jar;E:\dev_envir\apache-maven-3.6.3\repo\jakarta\validation\jakarta.validation-api\2.0.2\jakarta.validation-api-2.0.2.jar;E:\dev_envir\apache-maven-3.6.3\repo\org\hibernate\validator\hibernate-validator\6.0.18.Final\hibernate-validator-6.0.18.Final.jar;E:\dev_envir\apache-maven-3.6.3\repo\org\springframework\spring-web\5.2.5.RELEASE\spring-web-5.2.5.RELEASE.jar;E:\dev_envir\apache-maven-3.6.3\repo\org\springframework\spring-beans\5.2.5.RELEASE\spring-beans-5.2.5.RELEASE.jar;E:\dev_envir\apache-maven-3.6.3\repo\org\springframework\spring-webmvc\5.2.5.RELEASE\spring-webmvc-5.2.5.RELEASE.jar;E:\dev_envir\apache-maven-3.6.3\repo\org\springframework\spring-aop\5.2.5.RELEASE\spring-aop-5.2.5.RELEASE.jar;E:\dev_envir\apache-maven-3.6.3\repo\org\springframework\spring-context\5.2.5.RELEASE\spring-context-5.2.5.RELEASE.jar;E:\dev_envir\apache-maven-3.6.3\repo\org\springframework\spring-expression\5.2.5.RELEASE\spring-expression-5.2.5.RELEASE.jar;E:\dev_envir\apache-maven-3.6.3\repo\org\springframework\boot\spring-boot-starter-data-jpa\2.2.6.RELEASE\spring-boot-starter-data-jpa-2.2.6.RELEASE.jar;E:\dev_envir\apache-maven-3.6.3\repo\org\springframework\boot\spring-boot-starter-aop\2.2.6.RELEASE\spring-boot-starter-aop-2.2.6.RELEASE.jar;E:\dev_envir\apache-maven-3.6.3\repo\org\aspectj\aspectjweaver\1.9.5\aspectjweaver-1.9.5.jar;E:\dev_envir\apache-maven-3.6.3\repo\org\springframework\boot\spring-boot-starter-jdbc\2.2.6.RELEASE\spring-boot-starter-jdbc-2.2.6.RELEASE.jar;E:\dev_envir\apache-maven-3.6.3\repo\com\zaxxer\HikariCP\3.4.2\HikariCP-3.4.2.jar;E:\dev_envir\apache-maven-3.6.3\repo\org\springframework\spring-jdbc\5.2.5.RELEASE\spring-jdbc-5.2.5.RELEASE.jar;E:\dev_envir\apache-maven-3.6.3\repo\jakarta\activation\jakarta.activation-api\1.2.2\jakarta.activation-api-1.2.2.jar;E:\dev_envir\apache-maven-3.6.3\repo\jakarta\persistence\jakarta.persistence-api\2.2.3\jakarta.persistence-api-2.2.3.jar;E:\dev_envir\apache-maven-3.6.3\repo\jakarta\transaction\jakarta.transaction-api\1.3.3\jakarta.transaction-api-1.3.3.jar;E:\dev_envir\apache-maven-3.6.3\repo\org\hibernate\hibernate-core\5.4.12.Final\hibernate-core-5.4.12.Final.jar;E:\dev_envir\apache-maven-3.6.3\repo\org\jboss\logging\jboss-logging\3.4.1.Final\jboss-logging-3.4.1.Final.jar;E:\dev_envir\apache-maven-3.6.3\repo\org\javassist\javassist\3.24.0-GA\javassist-3.24.0-GA.jar;E:\dev_envir\apache-maven-3.6.3\repo\net\bytebuddy\byte-buddy\1.10.8\byte-buddy-1.10.8.jar;E:\dev_envir\apache-maven-3.6.3\repo\antlr\antlr\2.7.7\antlr-2.7.7.jar;E:\dev_envir\apache-maven-3.6.3\repo\org\jboss\jandex\2.1.1.Final\jandex-2.1.1.Final.jar;E:\dev_envir\apache-maven-3.6.3\repo\com\fasterxml\classmate\1.5.1\classmate-1.5.1.jar;E:\dev_envir\apache-maven-3.6.3\repo\org\dom4j\dom4j\2.1.1\dom4j-2.1.1.jar;E:\dev_envir\apache-maven-3.6.3\repo\org\hibernate\common\hibernate-commons-annotations\5.1.0.Final\hibernate-commons-annotations-5.1.0.Final.jar;E:\dev_envir\apache-maven-3.6.3\repo\org\glassfish\jaxb\jaxb-runtime\2.3.2\jaxb-runtime-2.3.2.jar;E:\dev_envir\apache-maven-3.6.3\repo\org\glassfish\jaxb\txw2\2.3.2\txw2-2.3.2.jar;E:\dev_envir\apache-maven-3.6.3\repo\com\sun\istack\istack-commons-runtime\3.0.8\istack-commons-runtime-3.0.8.jar;E:\dev_envir\apache-maven-3.6.3\repo\org\jvnet\staxex\stax-ex\1.8.1\stax-ex-1.8.1.jar;E:\dev_envir\apache-maven-3.6.3\repo\com\sun\xml\fastinfoset\FastInfoset\1.2.16\FastInfoset-1.2.16.jar;E:\dev_envir\apache-maven-3.6.3\repo\org\springframework\data\spring-data-jpa\2.2.6.RELEASE\spring-data-jpa-2.2.6.RELEASE.jar;E:\dev_envir\apache-maven-3.6.3\repo\org\springframework\data\spring-data-commons\2.2.6.RELEASE\spring-data-commons-2.2.6.RELEASE.jar;E:\dev_envir\apache-maven-3.6.3\repo\org\springframework\spring-orm\5.2.5.RELEASE\spring-orm-5.2.5.RELEASE.jar;E:\dev_envir\apache-maven-3.6.3\repo\org\springframework\spring-tx\5.2.5.RELEASE\spring-tx-5.2.5.RELEASE.jar;E:\dev_envir\apache-maven-3.6.3\repo\org\slf4j\slf4j-api\1.7.30\slf4j-api-1.7.30.jar;E:\dev_envir\apache-maven-3.6.3\repo\org\springframework\spring-aspects\5.2.5.RELEASE\spring-aspects-5.2.5.RELEASE.jar;E:\dev_envir\apache-maven-3.6.3\repo\mysql\mysql-connector-java\8.0.19\mysql-connector-java-8.0.19.jar;E:\dev_envir\apache-maven-3.6.3\repo\com\h2database\h2\1.4.200\h2-1.4.200.jar;E:\dev_envir\apache-maven-3.6.3\repo\org\springframework\boot\spring-boot-starter-test\2.2.6.RELEASE\spring-boot-starter-test-2.2.6.RELEASE.jar;E:\dev_envir\apache-maven-3.6.3\repo\org\springframework\boot\spring-boot-test\2.2.6.RELEASE\spring-boot-test-2.2.6.RELEASE.jar;E:\dev_envir\apache-maven-3.6.3\repo\org\springframework\boot\spring-boot-test-autoconfigure\2.2.6.RELEASE\spring-boot-test-autoconfigure-2.2.6.RELEASE.jar;E:\dev_envir\apache-maven-3.6.3\repo\com\jayway\jsonpath\json-path\2.4.0\json-path-2.4.0.jar;E:\dev_envir\apache-maven-3.6.3\repo\net\minidev\json-smart\2.3\json-smart-2.3.jar;E:\dev_envir\apache-maven-3.6.3\repo\net\minidev\accessors-smart\1.2\accessors-smart-1.2.jar;E:\dev_envir\apache-maven-3.6.3\repo\org\ow2\asm\asm\5.0.4\asm-5.0.4.jar;E:\dev_envir\apache-maven-3.6.3\repo\jakarta\xml\bind\jakarta.xml.bind-api\2.3.3\jakarta.xml.bind-api-2.3.3.jar;E:\dev_envir\apache-maven-3.6.3\repo\org\junit\jupiter\junit-jupiter\5.5.2\junit-jupiter-5.5.2.jar;E:\dev_envir\apache-maven-3.6.3\repo\org\junit\jupiter\junit-jupiter-params\5.5.2\junit-jupiter-params-5.5.2.jar;E:\dev_envir\apache-maven-3.6.3\repo\org\junit\vintage\junit-vintage-engine\5.5.2\junit-vintage-engine-5.5.2.jar;E:\dev_envir\apache-maven-3.6.3\repo\org\mockito\mockito-junit-jupiter\3.1.0\mockito-junit-jupiter-3.1.0.jar;E:\dev_envir\apache-maven-3.6.3\repo\org\assertj\assertj-core\3.13.2\assertj-core-3.13.2.jar;E:\dev_envir\apache-maven-3.6.3\repo\org\hamcrest\hamcrest\2.1\hamcrest-2.1.jar;E:\dev_envir\apache-maven-3.6.3\repo\org\mockito\mockito-core\3.1.0\mockito-core-3.1.0.jar;E:\dev_envir\apache-maven-3.6.3\repo\net\bytebuddy\byte-buddy-agent\1.10.8\byte-buddy-agent-1.10.8.jar;E:\dev_envir\apache-maven-3.6.3\repo\org\objenesis\objenesis\2.6\objenesis-2.6.jar;E:\dev_envir\apache-maven-3.6.3\repo\org\skyscreamer\jsonassert\1.5.0\jsonassert-1.5.0.jar;E:\dev_envir\apache-maven-3.6.3\repo\com\vaadin\external\google\android-json\0.0.20131108.vaadin1\android-json-0.0.20131108.vaadin1.jar;E:\dev_envir\apache-maven-3.6.3\repo\org\springframework\spring-core\5.2.5.RELEASE\spring-core-5.2.5.RELEASE.jar;E:\dev_envir\apache-maven-3.6.3\repo\org\springframework\spring-jcl\5.2.5.RELEASE\spring-jcl-5.2.5.RELEASE.jar;E:\dev_envir\apache-maven-3.6.3\repo\org\springframework\spring-test\5.2.5.RELEASE\spring-test-5.2.5.RELEASE.jar;E:\dev_envir\apache-maven-3.6.3\repo\org\xmlunit\xmlunit-core\2.6.4\xmlunit-core-2.6.4.jar;E:\dev_envir\apache-maven-3.6.3\repo\com\alibaba\fastjson\1.2.68\fastjson-1.2.68.jar;E:\dev_envir\apache-maven-3.6.3\repo\org\junit\jupiter\junit-jupiter-api\5.5.2\junit-jupiter-api-5.5.2.jar;E:\dev_envir\apache-maven-3.6.3\repo\org\apiguardian\apiguardian-api\1.1.0\apiguardian-api-1.1.0.jar;E:\dev_envir\apache-maven-3.6.3\repo\org\opentest4j\opentest4j\1.2.0\opentest4j-1.2.0.jar;E:\dev_envir\apache-maven-3.6.3\repo\org\junit\platform\junit-platform-commons\1.5.2\junit-platform-commons-1.5.2.jar;E:\dev_envir\apache-maven-3.6.3\repo\org\junit\jupiter\junit-jupiter-engine\5.5.2\junit-jupiter-engine-5.5.2.jar;E:\dev_envir\apache-maven-3.6.3\repo\org\junit\platform\junit-platform-engine\1.5.2\junit-platform-engine-1.5.2.jar;"/>
    <property name="sun.cpu.endian" value="little"/>
    <property name="user.home" value="C:\Users\xiaozhi"/>
    <property name="user.language" value="zh"/>
    <property name="java.specification.vendor" value="Oracle Corporation"/>
    <property name="java.version.date" value="2020-04-14"/>
    <property name="java.home" value="E:\Program Files\Java\jdk-14"/>
    <property name="file.separator" value="\"/>
    <property name="basedir" value="F:\code\java\信息安全实验\project\web"/>
    <property name="java.vm.compressedOopsMode" value="Zero based"/>
    <property name="line.separator" value="&#10;"/>
    <property name="java.vm.specification.vendor" value="Oracle Corporation"/>
    <property name="java.specification.name" value="Java Platform API Specification"/>
    <property name="surefire.real.class.path" value="C:\Users\xiaozhi\AppData\Local\Temp\surefire2994188398945254725\surefirebooter1149397006483254582.jar"/>
    <property name="user.script" value=""/>
    <property name="sun.management.compiler" value="HotSpot 64-Bit Tiered Compilers"/>
    <property name="java.runtime.version" value="14.0.1+7"/>
    <property name="user.name" value="xiaozhi"/>
    <property name="path.separator" value=";"/>
    <property name="os.version" value="10.0"/>
    <property name="java.runtime.name" value="Java(TM) SE Runtime Environment"/>
    <property name="file.encoding" value="GBK"/>
    <property name="java.vm.name" value="Java HotSpot(TM) 64-Bit Server VM"/>
    <property name="localRepository" value="E:\dev_envir\apache-maven-3.6.3\repo"/>
    <property name="java.vendor.url.bug" value="https://bugreport.java.com/bugreport/"/>
    <property name="java.io.tmpdir" value="C:\Users\xiaozhi\AppData\Local\Temp\"/>
    <property name="idea.version" value="2018.2.8"/>
    <property name="java.version" value="14.0.1"/>
    <property name="user.dir" value="F:\code\java\信息安全实验\project\web"/>
    <property name="os.arch" value="amd64"/>
    <property name="java.vm.specification.name" value="Java Virtual Machine Specification"/>
    <property name="sun.os.patch.level" value=""/>
    <property name="java.library.path" value="E:\Program Files\Java\jdk-14\bin;C:\WINDOWS\Sun\Java\bin;C:\WINDOWS\system32;C:\WINDOWS;E:\dev_envir\cuda\cuda_dev\bin;E:\dev_envir\cuda\cuda_dev\libnvvp;E:\Program Files\Java\jdk-14\bin;D:\dev_envir\cmake\bin;E:\dev_envir\python\python3.7.3;C:\Windows\system32;C:\Windows;C:\Windows\System32\Wbem;C:\Windows\System32\WindowsPowerShell\v1.0\;C:\Windows\System32\OpenSSH\;C:\Program Files (x86)\NVIDIA Corporation\PhysX\Common;C:\Program Files\NVIDIA Corporation\NVIDIA NvDLISR;C:\Program Files\dotnet\;D:\dev_envir\git\bin;E:\Program Files (x86)\Microsoft Visual Studio\2017\Community\Common7\IDE;E:\dev_envir\python\python3.7.3\Scripts;C:\WINDOWS\system32;C:\WINDOWS;C:\WINDOWS\System32\Wbem;C:\WINDOWS\System32\WindowsPowerShell\v1.0\;C:\WINDOWS\System32\OpenSSH\;D:\dev_envir\node\;D:\Program\LxRunOffline-v3.4.0;E:\dev_envir\python\anaconda3\condabin;E:\Program Files\WinRAR;D:\dev_envir\ninja;D:\dev_envir\cygwin\bin;E:\dev_envir\apache-maven-3.6.3\bin;E:\Program Files\Microsoft VS Code\bin;E:\dev_envir\ffmpeg\ffmpeg\bin;C:\Program Files\NVIDIA Corporation\Nsight Compute 2019.1\;E:\dev_envir\cudnn\cuda\bin;C:\Users\xiaozhi\AppData\Local\Microsoft\WindowsApps;E:\Program Files\JetBrains\WebStorm 2018.3.6\bin;;C:\Users\xiaozhi\AppData\Roaming\npm;D:\dev_envir\selenium_driver;."/>
    <property name="java.vm.info" value="mixed mode, sharing"/>
    <property name="java.vendor" value="Oracle Corporation"/>
    <property name="java.vm.version" value="14.0.1+7"/>
    <property name="sun.io.unicode.encoding" value="UnicodeLittle"/>
    <property name="maven.repo.local" value="E:\dev_envir\apache-maven-3.6.3\repo"/>
    <property name="java.class.version" value="58.0"/>
  </properties>
  <testcase name="testGraph" classname="application.DemoTest" time="0.373">
    <error message="系统找不到指定的路径。" type="java.io.IOException">java.io.IOException: 系统找不到指定的路径。
	at application.DemoTest.testGraph(Test.java:47)
</error>
    <system-out><![CDATA[11:23:19.287 [main] DEBUG org.springframework.test.context.BootstrapUtils - Instantiating CacheAwareContextLoaderDelegate from class [org.springframework.test.context.cache.DefaultCacheAwareContextLoaderDelegate]
11:23:19.300 [main] DEBUG org.springframework.test.context.BootstrapUtils - Instantiating BootstrapContext using constructor [public org.springframework.test.context.support.DefaultBootstrapContext(java.lang.Class,org.springframework.test.context.CacheAwareContextLoaderDelegate)]
11:23:19.331 [main] DEBUG org.springframework.test.context.BootstrapUtils - Instantiating TestContextBootstrapper for test class [application.DemoTest] from class [org.springframework.boot.test.context.SpringBootTestContextBootstrapper]
11:23:19.349 [main] INFO org.springframework.boot.test.context.SpringBootTestContextBootstrapper - Neither @ContextConfiguration nor @ContextHierarchy found for test class [application.DemoTest], using SpringBootContextLoader
11:23:19.353 [main] DEBUG org.springframework.test.context.support.AbstractContextLoader - Did not detect default resource location for test class [application.DemoTest]: class path resource [application/DemoTest-context.xml] does not exist
11:23:19.354 [main] DEBUG org.springframework.test.context.support.AbstractContextLoader - Did not detect default resource location for test class [application.DemoTest]: class path resource [application/DemoTestContext.groovy] does not exist
11:23:19.354 [main] INFO org.springframework.test.context.support.AbstractContextLoader - Could not detect default resource locations for test class [application.DemoTest]: no resource found for suffixes {-context.xml, Context.groovy}.
11:23:19.355 [main] INFO org.springframework.test.context.support.AnnotationConfigContextLoaderUtils - Could not detect default configuration classes for test class [application.DemoTest]: DemoTest does not declare any static, non-private, non-final, nested classes annotated with @Configuration.
11:23:19.404 [main] DEBUG org.springframework.test.context.support.ActiveProfilesUtils - Could not find an 'annotation declaring class' for annotation type [org.springframework.test.context.ActiveProfiles] and class [application.DemoTest]
11:23:19.493 [main] DEBUG org.springframework.context.annotation.ClassPathScanningCandidateComponentProvider - Identified candidate component class: file [F:\code\java\信息安全实验\project\web\target\classes\application\DemoApplication.class]
11:23:19.495 [main] INFO org.springframework.boot.test.context.SpringBootTestContextBootstrapper - Found @SpringBootConfiguration application.DemoApplication for test class application.DemoTest
11:23:19.689 [main] DEBUG org.springframework.boot.test.context.SpringBootTestContextBootstrapper - @TestExecutionListeners is not present for class [application.DemoTest]: using defaults.
11:23:19.691 [main] INFO org.springframework.boot.test.context.SpringBootTestContextBootstrapper - Loaded default TestExecutionListener class names from location [META-INF/spring.factories]: [org.springframework.boot.test.mock.mockito.MockitoTestExecutionListener, org.springframework.boot.test.mock.mockito.ResetMocksTestExecutionListener, org.springframework.boot.test.autoconfigure.restdocs.RestDocsTestExecutionListener, org.springframework.boot.test.autoconfigure.web.client.MockRestServiceServerResetTestExecutionListener, org.springframework.boot.test.autoconfigure.web.servlet.MockMvcPrintOnlyOnFailureTestExecutionListener, org.springframework.boot.test.autoconfigure.web.servlet.WebDriverTestExecutionListener, org.springframework.test.context.web.ServletTestExecutionListener, org.springframework.test.context.support.DirtiesContextBeforeModesTestExecutionListener, org.springframework.test.context.support.DependencyInjectionTestExecutionListener, org.springframework.test.context.support.DirtiesContextTestExecutionListener, org.springframework.test.context.transaction.TransactionalTestExecutionListener, org.springframework.test.context.jdbc.SqlScriptsTestExecutionListener, org.springframework.test.context.event.EventPublishingTestExecutionListener]
11:23:19.718 [main] INFO org.springframework.boot.test.context.SpringBootTestContextBootstrapper - Using TestExecutionListeners: [org.springframework.test.context.web.ServletTestExecutionListener@3697186, org.springframework.test.context.support.DirtiesContextBeforeModesTestExecutionListener@1583741e, org.springframework.boot.test.mock.mockito.MockitoTestExecutionListener@5b367418, org.springframework.boot.test.autoconfigure.SpringBootDependencyInjectionTestExecutionListener@36060e, org.springframework.test.context.support.DirtiesContextTestExecutionListener@481ba2cf, org.springframework.test.context.transaction.TransactionalTestExecutionListener@46b61c56, org.springframework.test.context.jdbc.SqlScriptsTestExecutionListener@2e48362c, org.springframework.test.context.event.EventPublishingTestExecutionListener@1efe439d, org.springframework.boot.test.mock.mockito.ResetMocksTestExecutionListener@be68757, org.springframework.boot.test.autoconfigure.restdocs.RestDocsTestExecutionListener@7d446ed1, org.springframework.boot.test.autoconfigure.web.client.MockRestServiceServerResetTestExecutionListener@12d2ce03, org.springframework.boot.test.autoconfigure.web.servlet.MockMvcPrintOnlyOnFailureTestExecutionListener@7e5c856f, org.springframework.boot.test.autoconfigure.web.servlet.WebDriverTestExecutionListener@413f69cc]
11:23:19.724 [main] DEBUG org.springframework.test.context.support.AbstractDirtiesContextTestExecutionListener - Before test class: context [DefaultTestContext@7164ca4c testClass = DemoTest, testInstance = [null], testMethod = [null], testException = [null], mergedContextConfiguration = [WebMergedContextConfiguration@4f3bbf68 testClass = DemoTest, locations = '{}', classes = '{class application.DemoApplication}', contextInitializerClasses = '[]', activeProfiles = '{}', propertySourceLocations = '{}', propertySourceProperties = '{org.springframework.boot.test.context.SpringBootTestContextBootstrapper=true}', contextCustomizers = set[org.springframework.boot.test.context.filter.ExcludeFilterContextCustomizer@3d6f0054, org.springframework.boot.test.json.DuplicateJsonObjectContextCustomizerFactory$DuplicateJsonObjectContextCustomizer@4efc180e, org.springframework.boot.test.mock.mockito.MockitoContextCustomizer@0, org.springframework.boot.test.web.client.TestRestTemplateContextCustomizer@22ef9844, org.springframework.boot.test.autoconfigure.properties.PropertyMappingContextCustomizer@0, org.springframework.boot.test.autoconfigure.web.servlet.WebDriverContextCustomizerFactory$Customizer@342c38f8], resourceBasePath = 'src/main/webapp', contextLoader = 'org.springframework.boot.test.context.SpringBootContextLoader', parent = [null]], attributes = map['org.springframework.test.context.web.ServletTestExecutionListener.activateListener' -> true]], class annotated with @DirtiesContext [false] with mode [null].
11:23:19.762 [main] DEBUG org.springframework.test.context.support.TestPropertySourceUtils - Adding inlined properties to environment: {spring.jmx.enabled=false, org.springframework.boot.test.context.SpringBootTestContextBootstrapper=true, server.port=-1}

  .   ____          _            __ _ _
 /\\ / ___'_ __ _ _(_)_ __  __ _ \ \ \ \
( ( )\___ | '_ | '_| | '_ \/ _` | \ \ \ \
 \\/  ___)| |_)| | | | | || (_| |  ) ) ) )
  '  |____| .__|_| |_|_| |_\__, | / / / /
 =========|_|==============|___/=/_/_/_/
 :: Spring Boot ::        (v2.2.6.RELEASE)

6月-04 11:23 INFO  a.DemoTest - Starting DemoTest on XIAOZHI-WINPC with PID 1076 (started by xiaozhi in F:\code\java\信息安全实验\project\web)
6月-04 11:23 INFO  a.DemoTest - No active profile set, falling back to default profiles: default
6月-04 11:23 INFO  o.s.d.r.c.RepositoryConfigurationDelegate - Bootstrapping Spring Data JPA repositories in DEFAULT mode.
6月-04 11:23 INFO  o.s.d.r.c.RepositoryConfigurationDelegate - Finished Spring Data repository scanning in 15ms. Found 0 JPA repository interfaces.
6月-04 11:23 INFO  c.z.h.HikariDataSource - HikariPool-1 - Starting...
6月-04 11:23 INFO  c.z.h.HikariDataSource - HikariPool-1 - Start completed.
6月-04 11:23 INFO  o.h.j.i.u.LogHelper - HHH000204: Processing PersistenceUnitInfo [name: default]
6月-04 11:23 INFO  o.h.Version - HHH000412: Hibernate ORM core version 5.4.12.Final
6月-04 11:23 INFO  o.h.a.c.Version - HCANN000001: Hibernate Commons Annotations {5.1.0.Final}
6月-04 11:23 INFO  o.h.d.Dialect - HHH000400: Using dialect: org.hibernate.dialect.H2Dialect
6月-04 11:23 INFO  o.h.e.t.j.p.i.JtaPlatformInitiator - HHH000490: Using JtaPlatform implementation: [org.hibernate.engine.transaction.jta.platform.internal.NoJtaPlatform]
6月-04 11:23 INFO  o.s.o.j.LocalContainerEntityManagerFactoryBean - Initialized JPA EntityManagerFactory for persistence unit 'default'
6月-04 11:23 WARN  o.s.b.a.o.j.JpaBaseConfiguration$JpaWebConfiguration - spring.jpa.open-in-view is enabled by default. Therefore, database queries may be performed during view rendering. Explicitly configure spring.jpa.open-in-view to disable this warning
6月-04 11:23 INFO  o.s.s.c.ThreadPoolTaskExecutor - Initializing ExecutorService 'applicationTaskExecutor'
6月-04 11:23 INFO  o.s.b.a.w.s.WelcomePageHandlerMapping - Adding welcome page: class path resource [public/index.html]
6月-04 11:23 INFO  a.DemoTest - Started DemoTest in 5.563 seconds (JVM running for 6.932)
6月-04 11:23 INFO  a.DemoTest - F:\code\java\信息安全实验\project\web
]]></system-out>
    <system-err><![CDATA[6月 04, 2020 11:23:18 上午 org.junit.platform.launcher.core.DefaultLauncher handleThrowable
警告: TestEngine with ID 'junit-vintage' failed to discover tests
java.lang.NoClassDefFoundError: junit/runner/Version
	at org.junit.vintage.engine.JUnit4VersionCheck.checkSupported(JUnit4VersionCheck.java:32)
	at org.junit.vintage.engine.VintageTestEngine.discover(VintageTestEngine.java:61)
	at org.junit.platform.launcher.core.DefaultLauncher.discoverEngineRoot(DefaultLauncher.java:168)
	at org.junit.platform.launcher.core.DefaultLauncher.discoverRoot(DefaultLauncher.java:155)
	at org.junit.platform.launcher.core.DefaultLauncher.discover(DefaultLauncher.java:120)
	at org.apache.maven.surefire.junitplatform.TestPlanScannerFilter.accept(TestPlanScannerFilter.java:56)
	at org.apache.maven.surefire.util.DefaultScanResult.applyFilter(DefaultScanResult.java:102)
	at org.apache.maven.surefire.junitplatform.JUnitPlatformProvider.scanClasspath(JUnitPlatformProvider.java:143)
	at org.apache.maven.surefire.junitplatform.JUnitPlatformProvider.invoke(JUnitPlatformProvider.java:124)
	at org.apache.maven.surefire.booter.ForkedBooter.invokeProviderInSameClassLoader(ForkedBooter.java:384)
	at org.apache.maven.surefire.booter.ForkedBooter.runSuitesInProcess(ForkedBooter.java:345)
	at org.apache.maven.surefire.booter.ForkedBooter.execute(ForkedBooter.java:126)
	at org.apache.maven.surefire.booter.ForkedBooter.main(ForkedBooter.java:418)
Caused by: java.lang.ClassNotFoundException: junit.runner.Version
	at java.base/jdk.internal.loader.BuiltinClassLoader.loadClass(BuiltinClassLoader.java:602)
	at java.base/jdk.internal.loader.ClassLoaders$AppClassLoader.loadClass(ClassLoaders.java:178)
	at java.base/java.lang.ClassLoader.loadClass(ClassLoader.java:522)
	... 13 more

6月 04, 2020 11:23:19 上午 org.junit.platform.launcher.core.DefaultLauncher handleThrowable
警告: TestEngine with ID 'junit-vintage' failed to discover tests
java.lang.NoClassDefFoundError: junit/runner/Version
	at org.junit.vintage.engine.JUnit4VersionCheck.checkSupported(JUnit4VersionCheck.java:32)
	at org.junit.vintage.engine.VintageTestEngine.discover(VintageTestEngine.java:61)
	at org.junit.platform.launcher.core.DefaultLauncher.discoverEngineRoot(DefaultLauncher.java:168)
	at org.junit.platform.launcher.core.DefaultLauncher.discoverRoot(DefaultLauncher.java:155)
	at org.junit.platform.launcher.core.DefaultLauncher.execute(DefaultLauncher.java:128)
	at org.apache.maven.surefire.junitplatform.JUnitPlatformProvider.invokeAllTests(JUnitPlatformProvider.java:150)
	at org.apache.maven.surefire.junitplatform.JUnitPlatformProvider.invoke(JUnitPlatformProvider.java:124)
	at org.apache.maven.surefire.booter.ForkedBooter.invokeProviderInSameClassLoader(ForkedBooter.java:384)
	at org.apache.maven.surefire.booter.ForkedBooter.runSuitesInProcess(ForkedBooter.java:345)
	at org.apache.maven.surefire.booter.ForkedBooter.execute(ForkedBooter.java:126)
	at org.apache.maven.surefire.booter.ForkedBooter.main(ForkedBooter.java:418)

]]></system-err>
  </testcase>
  <testcase name="testMybatis" classname="application.DemoTest" time="0.526"/>
  <testcase name="testConfig" classname="application.DemoTest" time="0.003"/>
</testsuite>